[21:01:08.272] Global cache location '/home/ss/.cache/typescript/4.6', safe file path '/home/ss/.emacs.d/.local/etc/lsp/npm/typescript/lib/node_modules/typescript/lib/typingSafeList.json', types map path /home/ss/.emacs.d/.local/etc/lsp/npm/typescript/lib/node_modules/typescript/lib/typesMap.json
[21:01:08.273] Processing cache location '/home/ss/.cache/typescript/4.6'
[21:01:08.273] Trying to find '/home/ss/.cache/typescript/4.6/package.json'...
[21:01:08.273] Finished processing cache location '/home/ss/.cache/typescript/4.6'
[21:01:08.273] Process id: 286726
[21:01:08.273] NPM location: /usr/bin/npm (explicit '--npmLocation' not  provided)
[21:01:08.273] validateDefaultNpmLocation: false
[21:01:08.274] Npm config file: /home/ss/.cache/typescript/4.6/package.json
[21:01:08.274] Npm config file: '/home/ss/.cache/typescript/4.6/package.json' is missing, creating new one...
[21:01:08.274] Updating types-registry npm package...
[21:01:08.274] Exec: /usr/bin/npm install --ignore-scripts types-registry@latest
[21:01:09.000]     Succeeded. stdout:
    
    added 1 package, and audited 2 packages in 580ms

found 0 vulnerabilities

[21:01:09.001] Updated types-registry npm package
[21:01:10.163] Got install request {"projectName":"/dev/null/inferredProject1*","fileNames":["/home/ss/.emacs.d/.local/etc/lsp/npm/typescript/lib/node_modules/typescript/lib/lib.es5.d.ts","/home/ss/.emacs.d/.local/etc/lsp/npm/typescript/lib/node_modules/typescript/lib/lib.es2015.d.ts","/home/ss/.emacs.d/.local/etc/lsp/npm/typescript/lib/node_modules/typescript/lib/lib.es2016.d.ts","/home/ss/.emacs.d/.local/etc/lsp/npm/typescript/lib/node_modules/typescript/lib/lib.dom.d.ts","/home/ss/.emacs.d/.local/etc/lsp/npm/typescript/lib/node_modules/typescript/lib/lib.dom.iterable.d.ts","/home/ss/.emacs.d/.local/etc/lsp/npm/typescript/lib/node_modules/typescript/lib/lib.webworker.importscripts.d.ts","/home/ss/.emacs.d/.local/etc/lsp/npm/typescript/lib/node_modules/typescript/lib/lib.scripthost.d.ts","/home/ss/.emacs.d/.local/etc/lsp/npm/typescript/lib/node_modules/typescript/lib/lib.es2015.core.d.ts","/home/ss/.emacs.d/.local/etc/lsp/npm/typescript/lib/node_modules/typescript/lib/lib.es2015.collection.d.ts","/home/ss/.emacs.d/.local/etc/lsp/npm/typescript/lib/node_modules/typescript/lib/lib.es2015.generator.d.ts","/home/ss/.emacs.d/.local/etc/lsp/npm/typescript/lib/node_modules/typescript/lib/lib.es2015.iterable.d.ts","/home/ss/.emacs.d/.local/etc/lsp/npm/typescript/lib/node_modules/typescript/lib/lib.es2015.promise.d.ts","/home/ss/.emacs.d/.local/etc/lsp/npm/typescript/lib/node_modules/typescript/lib/lib.es2015.proxy.d.ts","/home/ss/.emacs.d/.local/etc/lsp/npm/typescript/lib/node_modules/typescript/lib/lib.es2015.reflect.d.ts","/home/ss/.emacs.d/.local/etc/lsp/npm/typescript/lib/node_modules/typescript/lib/lib.es2015.symbol.d.ts","/home/ss/.emacs.d/.local/etc/lsp/npm/typescript/lib/node_modules/typescript/lib/lib.es2015.symbol.wellknown.d.ts","/home/ss/.emacs.d/.local/etc/lsp/npm/typescript/lib/node_modules/typescript/lib/lib.es2016.array.include.d.ts","/home/ss/.emacs.d/.local/etc/lsp/npm/typescript/lib/node_modules/typescript/lib/lib.es2016.full.d.ts","/home/ss/Projects/ruby-on-rails/environment/sample_app/app/javascript/packs/application.js"],"compilerOptions":{"module":1,"target":3,"jsx":1,"allowJs":true,"allowSyntheticDefaultImports":true,"allowNonTsExtensions":true,"noEmitForJsFiles":true,"maxNodeModuleJsDepth":2},"typeAcquisition":{"enable":true,"include":[],"exclude":[]},"unresolvedImports":["@rails/activestorage","@rails/ujs","channels","turbolinks"],"projectRootPath":"/home/ss/Projects/ruby-on-rails/environment/sample_app/app/javascript/packs","kind":"discover"}
[21:01:10.191] Loaded safelist from types map file '/home/ss/.emacs.d/.local/etc/lsp/npm/typescript/lib/node_modules/typescript/lib/typesMap.json'
[21:01:10.192] Explicitly included types: []
[21:01:10.194] Inferred typings from unresolved imports: ["@rails/activestorage","@rails/ujs","channels","turbolinks"]
[21:01:10.194] Result: {"cachedTypingPaths":[],"newTypingNames":["@rails/activestorage","@rails/ujs","channels","turbolinks"],"filesToWatch":["/home/ss/Projects/ruby-on-rails/environment/sample_app/app/javascript/packs/bower_components","/home/ss/Projects/ruby-on-rails/environment/sample_app/app/javascript/packs/node_modules"]}
[21:01:10.194] Finished typings discovery: {"cachedTypingPaths":[],"newTypingNames":["@rails/activestorage","@rails/ujs","channels","turbolinks"],"filesToWatch":["/home/ss/Projects/ruby-on-rails/environment/sample_app/app/javascript/packs/bower_components","/home/ss/Projects/ruby-on-rails/environment/sample_app/app/javascript/packs/node_modules"]}
[21:01:10.195] DirectoryWatcher:: Added:: WatchInfo: /home/ss/Projects/ruby-on-rails/environment/sample_app/app/javascript/packs/bower_components
[21:01:10.195] DirectoryWatcher:: Added:: WatchInfo: /home/ss/Projects/ruby-on-rails/environment/sample_app/app/javascript/packs/bower_components 1 undefined Project: /dev/null/inferredProject1* watcher already invoked: false
[21:01:10.197] Elapsed:: 1.8145329989492893ms DirectoryWatcher:: Added:: WatchInfo: /home/ss/Projects/ruby-on-rails/environment/sample_app/app/javascript/packs/bower_components 1 undefined Project: /dev/null/inferredProject1* watcher already invoked: false
[21:01:10.198] DirectoryWatcher:: Added:: WatchInfo: /home/ss/Projects/ruby-on-rails/environment/sample_app/app/javascript/packs/node_modules
[21:01:10.198] DirectoryWatcher:: Added:: WatchInfo: /home/ss/Projects/ruby-on-rails/environment/sample_app/app/javascript/packs/node_modules 1 undefined Project: /dev/null/inferredProject1* watcher already invoked: false
[21:01:10.198] Elapsed:: 0.2907069995999336ms DirectoryWatcher:: Added:: WatchInfo: /home/ss/Projects/ruby-on-rails/environment/sample_app/app/javascript/packs/node_modules 1 undefined Project: /dev/null/inferredProject1* watcher already invoked: false
[21:01:10.198] Installing typings ["@rails/activestorage","@rails/ujs","channels","turbolinks"]
[21:01:10.199] 'channels':: Entry for package 'channels' does not exist in local types registry - skipping...
[21:01:10.199] Npm config file: /home/ss/.cache/typescript/4.6/package.json
[21:01:10.199] Sending response:
    {"kind":"event::beginInstallTypes","eventId":1,"typingsInstallerVersion":"4.6.3","projectName":"/dev/null/inferredProject1*"}
[21:01:10.200] Response has been sent.
[21:01:10.201] #1 with arguments'["@types/rails__activestorage@ts4.6","@types/rails__ujs@ts4.6","@types/turbolinks@ts4.6"]'.
[21:01:10.201] Exec: /usr/bin/npm install --ignore-scripts @types/rails__activestorage@ts4.6 @types/rails__ujs@ts4.6 @types/turbolinks@ts4.6 --save-dev --user-agent="typesInstaller/4.6.3"
[21:01:12.109]     Succeeded. stdout:
    
    added 3 packages, and audited 5 packages in 2s

found 0 vulnerabilities

[21:01:12.109] npm install #1 took: 1908 ms
[21:01:12.110] Installed typings ["@types/rails__activestorage@ts4.6","@types/rails__ujs@ts4.6","@types/turbolinks@ts4.6"]
[21:01:12.120] Installed typing files ["/home/ss/.cache/typescript/4.6/node_modules/@types/rails__activestorage/index.d.ts","/home/ss/.cache/typescript/4.6/node_modules/@types/rails__ujs/index.d.ts","/home/ss/.cache/typescript/4.6/node_modules/@types/turbolinks/index.d.ts"]
[21:01:12.120] Sending response:
    {"projectName":"/dev/null/inferredProject1*","typeAcquisition":{"enable":true,"include":[],"exclude":[]},"compilerOptions":{"module":1,"target":3,"jsx":1,"allowJs":true,"allowSyntheticDefaultImports":true,"allowNonTsExtensions":true,"noEmitForJsFiles":true,"maxNodeModuleJsDepth":2},"typings":["/home/ss/.cache/typescript/4.6/node_modules/@types/rails__activestorage/index.d.ts","/home/ss/.cache/typescript/4.6/node_modules/@types/rails__ujs/index.d.ts","/home/ss/.cache/typescript/4.6/node_modules/@types/turbolinks/index.d.ts"],"unresolvedImports":["@rails/activestorage","@rails/ujs","channels","turbolinks"],"kind":"action::set"}
[21:01:12.120] Response has been sent.
[21:01:12.121] Sending response:
    {"kind":"event::endInstallTypes","eventId":1,"projectName":"/dev/null/inferredProject1*","packagesToInstall":["@types/rails__activestorage@ts4.6","@types/rails__ujs@ts4.6","@types/turbolinks@ts4.6"],"installSuccess":true,"typingsInstallerVersion":"4.6.3"}
[21:01:12.121] Response has been sent.
[21:01:12.566] Got install request {"projectName":"/dev/null/inferredProject1*","fileNames":["/home/ss/.emacs.d/.local/etc/lsp/npm/typescript/lib/node_modules/typescript/lib/lib.es5.d.ts","/home/ss/.emacs.d/.local/etc/lsp/npm/typescript/lib/node_modules/typescript/lib/lib.es2015.d.ts","/home/ss/.emacs.d/.local/etc/lsp/npm/typescript/lib/node_modules/typescript/lib/lib.es2016.d.ts","/home/ss/.emacs.d/.local/etc/lsp/npm/typescript/lib/node_modules/typescript/lib/lib.dom.d.ts","/home/ss/.emacs.d/.local/etc/lsp/npm/typescript/lib/node_modules/typescript/lib/lib.dom.iterable.d.ts","/home/ss/.emacs.d/.local/etc/lsp/npm/typescript/lib/node_modules/typescript/lib/lib.webworker.importscripts.d.ts","/home/ss/.emacs.d/.local/etc/lsp/npm/typescript/lib/node_modules/typescript/lib/lib.scripthost.d.ts","/home/ss/.emacs.d/.local/etc/lsp/npm/typescript/lib/node_modules/typescript/lib/lib.es2015.core.d.ts","/home/ss/.emacs.d/.local/etc/lsp/npm/typescript/lib/node_modules/typescript/lib/lib.es2015.collection.d.ts","/home/ss/.emacs.d/.local/etc/lsp/npm/typescript/lib/node_modules/typescript/lib/lib.es2015.generator.d.ts","/home/ss/.emacs.d/.local/etc/lsp/npm/typescript/lib/node_modules/typescript/lib/lib.es2015.iterable.d.ts","/home/ss/.emacs.d/.local/etc/lsp/npm/typescript/lib/node_modules/typescript/lib/lib.es2015.promise.d.ts","/home/ss/.emacs.d/.local/etc/lsp/npm/typescript/lib/node_modules/typescript/lib/lib.es2015.proxy.d.ts","/home/ss/.emacs.d/.local/etc/lsp/npm/typescript/lib/node_modules/typescript/lib/lib.es2015.reflect.d.ts","/home/ss/.emacs.d/.local/etc/lsp/npm/typescript/lib/node_modules/typescript/lib/lib.es2015.symbol.d.ts","/home/ss/.emacs.d/.local/etc/lsp/npm/typescript/lib/node_modules/typescript/lib/lib.es2015.symbol.wellknown.d.ts","/home/ss/.emacs.d/.local/etc/lsp/npm/typescript/lib/node_modules/typescript/lib/lib.es2016.array.include.d.ts","/home/ss/.emacs.d/.local/etc/lsp/npm/typescript/lib/node_modules/typescript/lib/lib.es2016.full.d.ts","/home/ss/.cache/typescript/4.6/node_modules/@types/rails__ujs/index.d.ts","/home/ss/.cache/typescript/4.6/node_modules/@types/turbolinks/index.d.ts","/home/ss/.cache/typescript/4.6/node_modules/@types/rails__activestorage/index.d.ts","/home/ss/Projects/ruby-on-rails/environment/sample_app/app/javascript/packs/application.js"],"compilerOptions":{"module":1,"target":3,"jsx":1,"allowJs":true,"allowSyntheticDefaultImports":true,"allowNonTsExtensions":true,"noEmitForJsFiles":true,"maxNodeModuleJsDepth":2},"typeAcquisition":{"enable":true,"include":[],"exclude":[]},"unresolvedImports":["channels"],"projectRootPath":"/home/ss/Projects/ruby-on-rails/environment/sample_app/app/javascript/packs","kind":"discover"}
[21:01:12.566] Explicitly included types: []
[21:01:12.566] Inferred typings from unresolved imports: ["channels"]
[21:01:12.566] Result: {"cachedTypingPaths":[],"newTypingNames":["channels"],"filesToWatch":["/home/ss/Projects/ruby-on-rails/environment/sample_app/app/javascript/packs/bower_components","/home/ss/Projects/ruby-on-rails/environment/sample_app/app/javascript/packs/node_modules"]}
[21:01:12.567] Finished typings discovery: {"cachedTypingPaths":[],"newTypingNames":["channels"],"filesToWatch":["/home/ss/Projects/ruby-on-rails/environment/sample_app/app/javascript/packs/bower_components","/home/ss/Projects/ruby-on-rails/environment/sample_app/app/javascript/packs/node_modules"]}
[21:01:12.567] Installing typings ["channels"]
[21:01:12.567] 'channels':: Entry for package 'channels' does not exist in local types registry - skipping...
[21:01:12.567] All typings are known to be missing or invalid - no need to install more typings
[21:01:12.567] Sending response:
    {"projectName":"/dev/null/inferredProject1*","typeAcquisition":{"enable":true,"include":[],"exclude":[]},"compilerOptions":{"module":1,"target":3,"jsx":1,"allowJs":true,"allowSyntheticDefaultImports":true,"allowNonTsExtensions":true,"noEmitForJsFiles":true,"maxNodeModuleJsDepth":2},"typings":[],"unresolvedImports":["channels"],"kind":"action::set"}
[21:01:12.567] Response has been sent.
[21:01:12.883] Got install request {"projectName":"/dev/null/inferredProject1*","fileNames":["/home/ss/.emacs.d/.local/etc/lsp/npm/typescript/lib/node_modules/typescript/lib/lib.es5.d.ts","/home/ss/.emacs.d/.local/etc/lsp/npm/typescript/lib/node_modules/typescript/lib/lib.es2015.d.ts","/home/ss/.emacs.d/.local/etc/lsp/npm/typescript/lib/node_modules/typescript/lib/lib.es2016.d.ts","/home/ss/.emacs.d/.local/etc/lsp/npm/typescript/lib/node_modules/typescript/lib/lib.dom.d.ts","/home/ss/.emacs.d/.local/etc/lsp/npm/typescript/lib/node_modules/typescript/lib/lib.dom.iterable.d.ts","/home/ss/.emacs.d/.local/etc/lsp/npm/typescript/lib/node_modules/typescript/lib/lib.webworker.importscripts.d.ts","/home/ss/.emacs.d/.local/etc/lsp/npm/typescript/lib/node_modules/typescript/lib/lib.scripthost.d.ts","/home/ss/.emacs.d/.local/etc/lsp/npm/typescript/lib/node_modules/typescript/lib/lib.es2015.core.d.ts","/home/ss/.emacs.d/.local/etc/lsp/npm/typescript/lib/node_modules/typescript/lib/lib.es2015.collection.d.ts","/home/ss/.emacs.d/.local/etc/lsp/npm/typescript/lib/node_modules/typescript/lib/lib.es2015.generator.d.ts","/home/ss/.emacs.d/.local/etc/lsp/npm/typescript/lib/node_modules/typescript/lib/lib.es2015.iterable.d.ts","/home/ss/.emacs.d/.local/etc/lsp/npm/typescript/lib/node_modules/typescript/lib/lib.es2015.promise.d.ts","/home/ss/.emacs.d/.local/etc/lsp/npm/typescript/lib/node_modules/typescript/lib/lib.es2015.proxy.d.ts","/home/ss/.emacs.d/.local/etc/lsp/npm/typescript/lib/node_modules/typescript/lib/lib.es2015.reflect.d.ts","/home/ss/.emacs.d/.local/etc/lsp/npm/typescript/lib/node_modules/typescript/lib/lib.es2015.symbol.d.ts","/home/ss/.emacs.d/.local/etc/lsp/npm/typescript/lib/node_modules/typescript/lib/lib.es2015.symbol.wellknown.d.ts","/home/ss/.emacs.d/.local/etc/lsp/npm/typescript/lib/node_modules/typescript/lib/lib.es2016.array.include.d.ts","/home/ss/.emacs.d/.local/etc/lsp/npm/typescript/lib/node_modules/typescript/lib/lib.es2016.full.d.ts","/home/ss/Projects/ruby-on-rails/environment/sample_app/app/javascript/packs/application.js"],"compilerOptions":{"module":1,"target":3,"jsx":1,"allowJs":true,"allowSyntheticDefaultImports":true,"allowNonTsExtensions":true,"noEmitForJsFiles":true,"maxNodeModuleJsDepth":2},"typeAcquisition":{"enable":true,"include":[],"exclude":[]},"unresolvedImports":["channels"],"projectRootPath":"/home/ss/Projects/ruby-on-rails/environment/sample_app/app/javascript/packs","kind":"discover"}
[21:01:12.883] Explicitly included types: []
[21:01:12.883] Inferred typings from unresolved imports: ["channels"]
[21:01:12.883] Result: {"cachedTypingPaths":[],"newTypingNames":["channels"],"filesToWatch":["/home/ss/Projects/ruby-on-rails/environment/sample_app/app/javascript/packs/bower_components","/home/ss/Projects/ruby-on-rails/environment/sample_app/app/javascript/packs/node_modules"]}
[21:01:12.883] Finished typings discovery: {"cachedTypingPaths":[],"newTypingNames":["channels"],"filesToWatch":["/home/ss/Projects/ruby-on-rails/environment/sample_app/app/javascript/packs/bower_components","/home/ss/Projects/ruby-on-rails/environment/sample_app/app/javascript/packs/node_modules"]}
[21:01:12.883] Installing typings ["channels"]
[21:01:12.884] 'channels':: Entry for package 'channels' does not exist in local types registry - skipping...
[21:01:12.884] All typings are known to be missing or invalid - no need to install more typings
[21:01:12.884] Sending response:
    {"projectName":"/dev/null/inferredProject1*","typeAcquisition":{"enable":true,"include":[],"exclude":[]},"compilerOptions":{"module":1,"target":3,"jsx":1,"allowJs":true,"allowSyntheticDefaultImports":true,"allowNonTsExtensions":true,"noEmitForJsFiles":true,"maxNodeModuleJsDepth":2},"typings":[],"unresolvedImports":["channels"],"kind":"action::set"}
[21:01:12.884] Response has been sent.
[21:01:14.111] Got install request {"projectName":"/dev/null/inferredProject1*","fileNames":["/home/ss/.emacs.d/.local/etc/lsp/npm/typescript/lib/node_modules/typescript/lib/lib.es5.d.ts","/home/ss/.emacs.d/.local/etc/lsp/npm/typescript/lib/node_modules/typescript/lib/lib.es2015.d.ts","/home/ss/.emacs.d/.local/etc/lsp/npm/typescript/lib/node_modules/typescript/lib/lib.es2016.d.ts","/home/ss/.emacs.d/.local/etc/lsp/npm/typescript/lib/node_modules/typescript/lib/lib.dom.d.ts","/home/ss/.emacs.d/.local/etc/lsp/npm/typescript/lib/node_modules/typescript/lib/lib.dom.iterable.d.ts","/home/ss/.emacs.d/.local/etc/lsp/npm/typescript/lib/node_modules/typescript/lib/lib.webworker.importscripts.d.ts","/home/ss/.emacs.d/.local/etc/lsp/npm/typescript/lib/node_modules/typescript/lib/lib.scripthost.d.ts","/home/ss/.emacs.d/.local/etc/lsp/npm/typescript/lib/node_modules/typescript/lib/lib.es2015.core.d.ts","/home/ss/.emacs.d/.local/etc/lsp/npm/typescript/lib/node_modules/typescript/lib/lib.es2015.collection.d.ts","/home/ss/.emacs.d/.local/etc/lsp/npm/typescript/lib/node_modules/typescript/lib/lib.es2015.generator.d.ts","/home/ss/.emacs.d/.local/etc/lsp/npm/typescript/lib/node_modules/typescript/lib/lib.es2015.iterable.d.ts","/home/ss/.emacs.d/.local/etc/lsp/npm/typescript/lib/node_modules/typescript/lib/lib.es2015.promise.d.ts","/home/ss/.emacs.d/.local/etc/lsp/npm/typescript/lib/node_modules/typescript/lib/lib.es2015.proxy.d.ts","/home/ss/.emacs.d/.local/etc/lsp/npm/typescript/lib/node_modules/typescript/lib/lib.es2015.reflect.d.ts","/home/ss/.emacs.d/.local/etc/lsp/npm/typescript/lib/node_modules/typescript/lib/lib.es2015.symbol.d.ts","/home/ss/.emacs.d/.local/etc/lsp/npm/typescript/lib/node_modules/typescript/lib/lib.es2015.symbol.wellknown.d.ts","/home/ss/.emacs.d/.local/etc/lsp/npm/typescript/lib/node_modules/typescript/lib/lib.es2016.array.include.d.ts","/home/ss/.emacs.d/.local/etc/lsp/npm/typescript/lib/node_modules/typescript/lib/lib.es2016.full.d.ts","/home/ss/Projects/ruby-on-rails/environment/sample_app/app/javascript/packs/application.js"],"compilerOptions":{"module":1,"target":3,"jsx":1,"allowJs":true,"allowSyntheticDefaultImports":true,"allowNonTsExtensions":true,"noEmitForJsFiles":true,"maxNodeModuleJsDepth":2},"typeAcquisition":{"enable":true,"include":[],"exclude":[]},"unresolvedImports":["bootstrap","channels","jquery"],"projectRootPath":"/home/ss/Projects/ruby-on-rails/environment/sample_app/app/javascript/packs","kind":"discover"}
[21:01:14.111] Explicitly included types: []
[21:01:14.111] Inferred typings from unresolved imports: ["bootstrap","channels","jquery"]
[21:01:14.111] Result: {"cachedTypingPaths":[],"newTypingNames":["bootstrap","channels","jquery"],"filesToWatch":["/home/ss/Projects/ruby-on-rails/environment/sample_app/app/javascript/packs/bower_components","/home/ss/Projects/ruby-on-rails/environment/sample_app/app/javascript/packs/node_modules"]}
[21:01:14.111] Finished typings discovery: {"cachedTypingPaths":[],"newTypingNames":["bootstrap","channels","jquery"],"filesToWatch":["/home/ss/Projects/ruby-on-rails/environment/sample_app/app/javascript/packs/bower_components","/home/ss/Projects/ruby-on-rails/environment/sample_app/app/javascript/packs/node_modules"]}
[21:01:14.111] Installing typings ["bootstrap","channels","jquery"]
[21:01:14.111] 'channels':: Entry for package 'channels' does not exist in local types registry - skipping...
[21:01:14.111] Npm config file: /home/ss/.cache/typescript/4.6/package.json
[21:01:14.111] Sending response:
    {"kind":"event::beginInstallTypes","eventId":2,"typingsInstallerVersion":"4.6.3","projectName":"/dev/null/inferredProject1*"}
[21:01:14.111] Response has been sent.
[21:01:14.111] #2 with arguments'["@types/bootstrap@ts4.6","@types/jquery@ts4.6"]'.
[21:01:14.111] Exec: /usr/bin/npm install --ignore-scripts @types/bootstrap@ts4.6 @types/jquery@ts4.6 --save-dev --user-agent="typesInstaller/4.6.3"
[21:01:15.378]     Succeeded. stdout:
    
    added 4 packages, and audited 9 packages in 1s

1 package is looking for funding
  run `npm fund` for details

found 0 vulnerabilities

[21:01:15.378] npm install #2 took: 1267 ms
[21:01:15.378] Installed typings ["@types/bootstrap@ts4.6","@types/jquery@ts4.6"]
[21:01:15.382] Installed typing files ["/home/ss/.cache/typescript/4.6/node_modules/@types/bootstrap/index.d.ts","/home/ss/.cache/typescript/4.6/node_modules/@types/jquery/index.d.ts"]
[21:01:15.382] Sending response:
    {"projectName":"/dev/null/inferredProject1*","typeAcquisition":{"enable":true,"include":[],"exclude":[]},"compilerOptions":{"module":1,"target":3,"jsx":1,"allowJs":true,"allowSyntheticDefaultImports":true,"allowNonTsExtensions":true,"noEmitForJsFiles":true,"maxNodeModuleJsDepth":2},"typings":["/home/ss/.cache/typescript/4.6/node_modules/@types/bootstrap/index.d.ts","/home/ss/.cache/typescript/4.6/node_modules/@types/jquery/index.d.ts"],"unresolvedImports":["bootstrap","channels","jquery"],"kind":"action::set"}
[21:01:15.382] Response has been sent.
[21:01:15.382] Sending response:
    {"kind":"event::endInstallTypes","eventId":2,"projectName":"/dev/null/inferredProject1*","packagesToInstall":["@types/bootstrap@ts4.6","@types/jquery@ts4.6"],"installSuccess":true,"typingsInstallerVersion":"4.6.3"}
[21:01:15.383] Response has been sent.
[21:01:16.011] Got install request {"projectName":"/dev/null/inferredProject1*","fileNames":["/home/ss/.emacs.d/.local/etc/lsp/npm/typescript/lib/node_modules/typescript/lib/lib.es5.d.ts","/home/ss/.emacs.d/.local/etc/lsp/npm/typescript/lib/node_modules/typescript/lib/lib.es2015.d.ts","/home/ss/.emacs.d/.local/etc/lsp/npm/typescript/lib/node_modules/typescript/lib/lib.es2016.d.ts","/home/ss/.emacs.d/.local/etc/lsp/npm/typescript/lib/node_modules/typescript/lib/lib.dom.d.ts","/home/ss/.emacs.d/.local/etc/lsp/npm/typescript/lib/node_modules/typescript/lib/lib.dom.iterable.d.ts","/home/ss/.emacs.d/.local/etc/lsp/npm/typescript/lib/node_modules/typescript/lib/lib.webworker.importscripts.d.ts","/home/ss/.emacs.d/.local/etc/lsp/npm/typescript/lib/node_modules/typescript/lib/lib.scripthost.d.ts","/home/ss/.emacs.d/.local/etc/lsp/npm/typescript/lib/node_modules/typescript/lib/lib.es2015.core.d.ts","/home/ss/.emacs.d/.local/etc/lsp/npm/typescript/lib/node_modules/typescript/lib/lib.es2015.collection.d.ts","/home/ss/.emacs.d/.local/etc/lsp/npm/typescript/lib/node_modules/typescript/lib/lib.es2015.generator.d.ts","/home/ss/.emacs.d/.local/etc/lsp/npm/typescript/lib/node_modules/typescript/lib/lib.es2015.iterable.d.ts","/home/ss/.emacs.d/.local/etc/lsp/npm/typescript/lib/node_modules/typescript/lib/lib.es2015.promise.d.ts","/home/ss/.emacs.d/.local/etc/lsp/npm/typescript/lib/node_modules/typescript/lib/lib.es2015.proxy.d.ts","/home/ss/.emacs.d/.local/etc/lsp/npm/typescript/lib/node_modules/typescript/lib/lib.es2015.reflect.d.ts","/home/ss/.emacs.d/.local/etc/lsp/npm/typescript/lib/node_modules/typescript/lib/lib.es2015.symbol.d.ts","/home/ss/.emacs.d/.local/etc/lsp/npm/typescript/lib/node_modules/typescript/lib/lib.es2015.symbol.wellknown.d.ts","/home/ss/.emacs.d/.local/etc/lsp/npm/typescript/lib/node_modules/typescript/lib/lib.es2016.array.include.d.ts","/home/ss/.emacs.d/.local/etc/lsp/npm/typescript/lib/node_modules/typescript/lib/lib.es2016.full.d.ts","/home/ss/.cache/typescript/4.6/node_modules/@types/jquery/JQueryStatic.d.ts","/home/ss/.cache/typescript/4.6/node_modules/@types/jquery/JQuery.d.ts","/home/ss/.cache/typescript/4.6/node_modules/@types/jquery/misc.d.ts","/home/ss/.cache/typescript/4.6/node_modules/@types/jquery/legacy.d.ts","/home/ss/.cache/typescript/4.6/node_modules/@types/jquery/index.d.ts","/home/ss/.cache/typescript/4.6/node_modules/@types/bootstrap/index.d.ts","/home/ss/Projects/ruby-on-rails/environment/sample_app/app/javascript/packs/application.js"],"compilerOptions":{"module":1,"target":3,"jsx":1,"allowJs":true,"allowSyntheticDefaultImports":true,"allowNonTsExtensions":true,"noEmitForJsFiles":true,"maxNodeModuleJsDepth":2},"typeAcquisition":{"enable":true,"include":[],"exclude":[]},"unresolvedImports":["channels"],"projectRootPath":"/home/ss/Projects/ruby-on-rails/environment/sample_app/app/javascript/packs","kind":"discover"}
[21:01:16.012] Explicitly included types: []
[21:01:16.012] Inferred typings from unresolved imports: ["channels"]
[21:01:16.012] Result: {"cachedTypingPaths":[],"newTypingNames":["channels"],"filesToWatch":["/home/ss/Projects/ruby-on-rails/environment/sample_app/app/javascript/packs/bower_components","/home/ss/Projects/ruby-on-rails/environment/sample_app/app/javascript/packs/node_modules"]}
[21:01:16.012] Finished typings discovery: {"cachedTypingPaths":[],"newTypingNames":["channels"],"filesToWatch":["/home/ss/Projects/ruby-on-rails/environment/sample_app/app/javascript/packs/bower_components","/home/ss/Projects/ruby-on-rails/environment/sample_app/app/javascript/packs/node_modules"]}
[21:01:16.012] Installing typings ["channels"]
[21:01:16.013] 'channels':: Entry for package 'channels' does not exist in local types registry - skipping...
[21:01:16.013] All typings are known to be missing or invalid - no need to install more typings
[21:01:16.013] Sending response:
    {"projectName":"/dev/null/inferredProject1*","typeAcquisition":{"enable":true,"include":[],"exclude":[]},"compilerOptions":{"module":1,"target":3,"jsx":1,"allowJs":true,"allowSyntheticDefaultImports":true,"allowNonTsExtensions":true,"noEmitForJsFiles":true,"maxNodeModuleJsDepth":2},"typings":[],"unresolvedImports":["channels"],"kind":"action::set"}
[21:01:16.013] Response has been sent.
[21:01:16.460] Got install request {"projectName":"/dev/null/inferredProject1*","fileNames":["/home/ss/.emacs.d/.local/etc/lsp/npm/typescript/lib/node_modules/typescript/lib/lib.es5.d.ts","/home/ss/.emacs.d/.local/etc/lsp/npm/typescript/lib/node_modules/typescript/lib/lib.es2015.d.ts","/home/ss/.emacs.d/.local/etc/lsp/npm/typescript/lib/node_modules/typescript/lib/lib.es2016.d.ts","/home/ss/.emacs.d/.local/etc/lsp/npm/typescript/lib/node_modules/typescript/lib/lib.dom.d.ts","/home/ss/.emacs.d/.local/etc/lsp/npm/typescript/lib/node_modules/typescript/lib/lib.dom.iterable.d.ts","/home/ss/.emacs.d/.local/etc/lsp/npm/typescript/lib/node_modules/typescript/lib/lib.webworker.importscripts.d.ts","/home/ss/.emacs.d/.local/etc/lsp/npm/typescript/lib/node_modules/typescript/lib/lib.scripthost.d.ts","/home/ss/.emacs.d/.local/etc/lsp/npm/typescript/lib/node_modules/typescript/lib/lib.es2015.core.d.ts","/home/ss/.emacs.d/.local/etc/lsp/npm/typescript/lib/node_modules/typescript/lib/lib.es2015.collection.d.ts","/home/ss/.emacs.d/.local/etc/lsp/npm/typescript/lib/node_modules/typescript/lib/lib.es2015.generator.d.ts","/home/ss/.emacs.d/.local/etc/lsp/npm/typescript/lib/node_modules/typescript/lib/lib.es2015.iterable.d.ts","/home/ss/.emacs.d/.local/etc/lsp/npm/typescript/lib/node_modules/typescript/lib/lib.es2015.promise.d.ts","/home/ss/.emacs.d/.local/etc/lsp/npm/typescript/lib/node_modules/typescript/lib/lib.es2015.proxy.d.ts","/home/ss/.emacs.d/.local/etc/lsp/npm/typescript/lib/node_modules/typescript/lib/lib.es2015.reflect.d.ts","/home/ss/.emacs.d/.local/etc/lsp/npm/typescript/lib/node_modules/typescript/lib/lib.es2015.symbol.d.ts","/home/ss/.emacs.d/.local/etc/lsp/npm/typescript/lib/node_modules/typescript/lib/lib.es2015.symbol.wellknown.d.ts","/home/ss/.emacs.d/.local/etc/lsp/npm/typescript/lib/node_modules/typescript/lib/lib.es2016.array.include.d.ts","/home/ss/.emacs.d/.local/etc/lsp/npm/typescript/lib/node_modules/typescript/lib/lib.es2016.full.d.ts","/home/ss/Projects/ruby-on-rails/environment/sample_app/app/javascript/packs/application.js"],"compilerOptions":{"module":1,"target":3,"jsx":1,"allowJs":true,"allowSyntheticDefaultImports":true,"allowNonTsExtensions":true,"noEmitForJsFiles":true,"maxNodeModuleJsDepth":2},"typeAcquisition":{"enable":true,"include":[],"exclude":[]},"unresolvedImports":["channels"],"projectRootPath":"/home/ss/Projects/ruby-on-rails/environment/sample_app/app/javascript/packs","kind":"discover"}
[21:01:16.460] Explicitly included types: []
[21:01:16.460] Inferred typings from unresolved imports: ["channels"]
[21:01:16.460] Result: {"cachedTypingPaths":[],"newTypingNames":["channels"],"filesToWatch":["/home/ss/Projects/ruby-on-rails/environment/sample_app/app/javascript/packs/bower_components","/home/ss/Projects/ruby-on-rails/environment/sample_app/app/javascript/packs/node_modules"]}
[21:01:16.460] Finished typings discovery: {"cachedTypingPaths":[],"newTypingNames":["channels"],"filesToWatch":["/home/ss/Projects/ruby-on-rails/environment/sample_app/app/javascript/packs/bower_components","/home/ss/Projects/ruby-on-rails/environment/sample_app/app/javascript/packs/node_modules"]}
[21:01:16.461] Installing typings ["channels"]
[21:01:16.461] 'channels':: Entry for package 'channels' does not exist in local types registry - skipping...
[21:01:16.461] All typings are known to be missing or invalid - no need to install more typings
[21:01:16.461] Sending response:
    {"projectName":"/dev/null/inferredProject1*","typeAcquisition":{"enable":true,"include":[],"exclude":[]},"compilerOptions":{"module":1,"target":3,"jsx":1,"allowJs":true,"allowSyntheticDefaultImports":true,"allowNonTsExtensions":true,"noEmitForJsFiles":true,"maxNodeModuleJsDepth":2},"typings":[],"unresolvedImports":["channels"],"kind":"action::set"}
[21:01:16.461] Response has been sent.
