[15:26:29.456] Global cache location '/home/ss/.cache/typescript/4.6', safe file path '/home/ss/.emacs.d/.local/etc/lsp/npm/typescript/lib/node_modules/typescript/lib/typingSafeList.json', types map path /home/ss/.emacs.d/.local/etc/lsp/npm/typescript/lib/node_modules/typescript/lib/typesMap.json
[15:26:29.457] Processing cache location '/home/ss/.cache/typescript/4.6'
[15:26:29.457] Trying to find '/home/ss/.cache/typescript/4.6/package.json'...
[15:26:29.462] Loaded content of '/home/ss/.cache/typescript/4.6/package.json': {"private":true,"dependencies":{"types-registry":"^0.1.587"},"devDependencies":{"@types/bootstrap":"^5.1.9","@types/jquery":"^3.5.14","@types/rails__activestorage":"^7.0.1","@types/rails__ujs":"^6.0.1","@types/turbolinks":"^5.2.0"}}
[15:26:29.462] Loaded content of '/home/ss/.cache/typescript/4.6/package-lock.json'
[15:26:29.471] Adding entry into typings cache: 'bootstrap' => '/home/ss/.cache/typescript/4.6/node_modules/@types/bootstrap/index.d.ts'
[15:26:29.473] Adding entry into typings cache: 'jquery' => '/home/ss/.cache/typescript/4.6/node_modules/@types/jquery/index.d.ts'
[15:26:29.474] Adding entry into typings cache: 'rails__activestorage' => '/home/ss/.cache/typescript/4.6/node_modules/@types/rails__activestorage/index.d.ts'
[15:26:29.475] Adding entry into typings cache: 'rails__ujs' => '/home/ss/.cache/typescript/4.6/node_modules/@types/rails__ujs/index.d.ts'
[15:26:29.476] Adding entry into typings cache: 'turbolinks' => '/home/ss/.cache/typescript/4.6/node_modules/@types/turbolinks/index.d.ts'
[15:26:29.476] Finished processing cache location '/home/ss/.cache/typescript/4.6'
[15:26:29.476] Process id: 76547
[15:26:29.476] NPM location: /usr/bin/npm (explicit '--npmLocation' not  provided)
[15:26:29.476] validateDefaultNpmLocation: false
[15:26:29.476] Npm config file: /home/ss/.cache/typescript/4.6/package.json
[15:26:29.476] Updating types-registry npm package...
[15:26:29.476] Exec: /usr/bin/npm install --ignore-scripts types-registry@latest
[15:26:30.203]     Succeeded. stdout:
    
    up to date, audited 9 packages in 575ms

1 package is looking for funding
  run `npm fund` for details

found 0 vulnerabilities

[15:26:30.203] Updated types-registry npm package
[15:26:31.010] Got install request {"projectName":"/dev/null/inferredProject1*","fileNames":["/home/ss/.emacs.d/.local/etc/lsp/npm/typescript/lib/node_modules/typescript/lib/lib.es5.d.ts","/home/ss/.emacs.d/.local/etc/lsp/npm/typescript/lib/node_modules/typescript/lib/lib.es2015.d.ts","/home/ss/.emacs.d/.local/etc/lsp/npm/typescript/lib/node_modules/typescript/lib/lib.es2016.d.ts","/home/ss/.emacs.d/.local/etc/lsp/npm/typescript/lib/node_modules/typescript/lib/lib.dom.d.ts","/home/ss/.emacs.d/.local/etc/lsp/npm/typescript/lib/node_modules/typescript/lib/lib.dom.iterable.d.ts","/home/ss/.emacs.d/.local/etc/lsp/npm/typescript/lib/node_modules/typescript/lib/lib.webworker.importscripts.d.ts","/home/ss/.emacs.d/.local/etc/lsp/npm/typescript/lib/node_modules/typescript/lib/lib.scripthost.d.ts","/home/ss/.emacs.d/.local/etc/lsp/npm/typescript/lib/node_modules/typescript/lib/lib.es2015.core.d.ts","/home/ss/.emacs.d/.local/etc/lsp/npm/typescript/lib/node_modules/typescript/lib/lib.es2015.collection.d.ts","/home/ss/.emacs.d/.local/etc/lsp/npm/typescript/lib/node_modules/typescript/lib/lib.es2015.generator.d.ts","/home/ss/.emacs.d/.local/etc/lsp/npm/typescript/lib/node_modules/typescript/lib/lib.es2015.iterable.d.ts","/home/ss/.emacs.d/.local/etc/lsp/npm/typescript/lib/node_modules/typescript/lib/lib.es2015.promise.d.ts","/home/ss/.emacs.d/.local/etc/lsp/npm/typescript/lib/node_modules/typescript/lib/lib.es2015.proxy.d.ts","/home/ss/.emacs.d/.local/etc/lsp/npm/typescript/lib/node_modules/typescript/lib/lib.es2015.reflect.d.ts","/home/ss/.emacs.d/.local/etc/lsp/npm/typescript/lib/node_modules/typescript/lib/lib.es2015.symbol.d.ts","/home/ss/.emacs.d/.local/etc/lsp/npm/typescript/lib/node_modules/typescript/lib/lib.es2015.symbol.wellknown.d.ts","/home/ss/.emacs.d/.local/etc/lsp/npm/typescript/lib/node_modules/typescript/lib/lib.es2016.array.include.d.ts","/home/ss/.emacs.d/.local/etc/lsp/npm/typescript/lib/node_modules/typescript/lib/lib.es2016.full.d.ts","/home/ss/Projects/ruby-on-rails/environment/sample_app/config/webpack/environment.js"],"compilerOptions":{"module":1,"target":3,"jsx":1,"allowJs":true,"allowSyntheticDefaultImports":true,"allowNonTsExtensions":true,"noEmitForJsFiles":true,"maxNodeModuleJsDepth":2},"typeAcquisition":{"enable":true,"include":[],"exclude":[]},"unresolvedImports":["@rails/webpacker","case-sensitive-paths-webpack-plugin","enhanced-resolve","glob","js-yaml","json-parse-better-errors","memory-fs","micromatch","mini-css-extract-plugin","mkdirp","neo-async","path-complete-extname","pnp-webpack-plugin","schema-utils","tapable","terser-webpack-plugin","webpack","webpack-assets-manifest","webpack-sources"],"projectRootPath":"/home/ss/Projects/ruby-on-rails/environment/sample_app/config/webpack","kind":"discover"}
[15:26:31.019] Loaded safelist from types map file '/home/ss/.emacs.d/.local/etc/lsp/npm/typescript/lib/node_modules/typescript/lib/typesMap.json'
[15:26:31.020] Explicitly included types: []
[15:26:31.020] Inferred typings from unresolved imports: ["@rails/webpacker","case-sensitive-paths-webpack-plugin","neo-async","path-complete-extname","pnp-webpack-plugin","schema-utils","tapable","terser-webpack-plugin","webpack","webpack-assets-manifest","webpack-sources","enhanced-resolve","glob","js-yaml","json-parse-better-errors","memory-fs","micromatch","mini-css-extract-plugin","mkdirp"]
[15:26:31.021] Result: {"cachedTypingPaths":[],"newTypingNames":["@rails/webpacker","case-sensitive-paths-webpack-plugin","neo-async","path-complete-extname","pnp-webpack-plugin","schema-utils","tapable","terser-webpack-plugin","webpack","webpack-assets-manifest","webpack-sources","enhanced-resolve","glob","js-yaml","json-parse-better-errors","memory-fs","micromatch","mini-css-extract-plugin","mkdirp"],"filesToWatch":["/home/ss/Projects/ruby-on-rails/environment/sample_app/config/webpack/bower_components","/home/ss/Projects/ruby-on-rails/environment/sample_app/config/webpack/node_modules"]}
[15:26:31.021] Finished typings discovery: {"cachedTypingPaths":[],"newTypingNames":["@rails/webpacker","case-sensitive-paths-webpack-plugin","neo-async","path-complete-extname","pnp-webpack-plugin","schema-utils","tapable","terser-webpack-plugin","webpack","webpack-assets-manifest","webpack-sources","enhanced-resolve","glob","js-yaml","json-parse-better-errors","memory-fs","micromatch","mini-css-extract-plugin","mkdirp"],"filesToWatch":["/home/ss/Projects/ruby-on-rails/environment/sample_app/config/webpack/bower_components","/home/ss/Projects/ruby-on-rails/environment/sample_app/config/webpack/node_modules"]}
[15:26:31.021] DirectoryWatcher:: Added:: WatchInfo: /home/ss/Projects/ruby-on-rails/environment/sample_app/config/webpack/bower_components
[15:26:31.021] DirectoryWatcher:: Added:: WatchInfo: /home/ss/Projects/ruby-on-rails/environment/sample_app/config/webpack/bower_components 1 undefined Project: /dev/null/inferredProject1* watcher already invoked: false
[15:26:31.022] Elapsed:: 0.923428000882268ms DirectoryWatcher:: Added:: WatchInfo: /home/ss/Projects/ruby-on-rails/environment/sample_app/config/webpack/bower_components 1 undefined Project: /dev/null/inferredProject1* watcher already invoked: false
[15:26:31.022] DirectoryWatcher:: Added:: WatchInfo: /home/ss/Projects/ruby-on-rails/environment/sample_app/config/webpack/node_modules
[15:26:31.022] DirectoryWatcher:: Added:: WatchInfo: /home/ss/Projects/ruby-on-rails/environment/sample_app/config/webpack/node_modules 1 undefined Project: /dev/null/inferredProject1* watcher already invoked: false
[15:26:31.023] Elapsed:: 0.07162499986588955ms DirectoryWatcher:: Added:: WatchInfo: /home/ss/Projects/ruby-on-rails/environment/sample_app/config/webpack/node_modules 1 undefined Project: /dev/null/inferredProject1* watcher already invoked: false
[15:26:31.023] Installing typings ["@rails/webpacker","case-sensitive-paths-webpack-plugin","neo-async","path-complete-extname","pnp-webpack-plugin","schema-utils","tapable","terser-webpack-plugin","webpack","webpack-assets-manifest","webpack-sources","enhanced-resolve","glob","js-yaml","json-parse-better-errors","memory-fs","micromatch","mini-css-extract-plugin","mkdirp"]
[15:26:31.023] '@rails/webpacker':: Entry for package 'rails__webpacker' does not exist in local types registry - skipping...
[15:26:31.023] 'neo-async':: Entry for package 'neo-async' does not exist in local types registry - skipping...
[15:26:31.023] 'path-complete-extname':: Entry for package 'path-complete-extname' does not exist in local types registry - skipping...
[15:26:31.023] 'pnp-webpack-plugin':: Entry for package 'pnp-webpack-plugin' does not exist in local types registry - skipping...
[15:26:31.023] 'schema-utils':: Entry for package 'schema-utils' does not exist in local types registry - skipping...
[15:26:31.023] 'terser-webpack-plugin':: Entry for package 'terser-webpack-plugin' does not exist in local types registry - skipping...
[15:26:31.023] 'mini-css-extract-plugin':: Entry for package 'mini-css-extract-plugin' does not exist in local types registry - skipping...
[15:26:31.023] Npm config file: /home/ss/.cache/typescript/4.6/package.json
[15:26:31.023] Sending response:
    {"kind":"event::beginInstallTypes","eventId":1,"typingsInstallerVersion":"4.6.3","projectName":"/dev/null/inferredProject1*"}
[15:26:31.023] Response has been sent.
[15:26:31.024] #1 with arguments'["@types/case-sensitive-paths-webpack-plugin@ts4.6","@types/tapable@ts4.6","@types/webpack@ts4.6","@types/webpack-assets-manifest@ts4.6","@types/webpack-sources@ts4.6","@types/enhanced-resolve@ts4.6","@types/glob@ts4.6","@types/js-yaml@ts4.6","@types/json-parse-better-errors@ts4.6","@types/memory-fs@ts4.6","@types/micromatch@ts4.6","@types/mkdirp@ts4.6"]'.
[15:26:31.024] Exec: /usr/bin/npm install --ignore-scripts @types/case-sensitive-paths-webpack-plugin@ts4.6 @types/tapable@ts4.6 @types/webpack@ts4.6 @types/webpack-assets-manifest@ts4.6 @types/webpack-sources@ts4.6 @types/enhanced-resolve@ts4.6 @types/glob@ts4.6 @types/js-yaml@ts4.6 @types/json-parse-better-errors@ts4.6 @types/memory-fs@ts4.6 @types/micromatch@ts4.6 @types/mkdirp@ts4.6 --save-dev --user-agent="typesInstaller/4.6.3"
[15:26:36.638]     Succeeded. stdout:
    
    added 96 packages, and audited 105 packages in 5s

10 packages are looking for funding
  run `npm fund` for details

found 0 vulnerabilities

[15:26:36.638] npm install #1 took: 5614 ms
[15:26:36.638] Installed typings ["@types/case-sensitive-paths-webpack-plugin@ts4.6","@types/tapable@ts4.6","@types/webpack@ts4.6","@types/webpack-assets-manifest@ts4.6","@types/webpack-sources@ts4.6","@types/enhanced-resolve@ts4.6","@types/glob@ts4.6","@types/js-yaml@ts4.6","@types/json-parse-better-errors@ts4.6","@types/memory-fs@ts4.6","@types/micromatch@ts4.6","@types/mkdirp@ts4.6"]
[15:26:36.650] Installed typing files ["/home/ss/.cache/typescript/4.6/node_modules/@types/case-sensitive-paths-webpack-plugin/index.d.ts","/home/ss/.cache/typescript/4.6/node_modules/tapable/tapable.d.ts","/home/ss/.cache/typescript/4.6/node_modules/webpack/types.d.ts","/home/ss/.cache/typescript/4.6/node_modules/@types/webpack-assets-manifest/index.d.ts","/home/ss/.cache/typescript/4.6/node_modules/@types/webpack-sources/index.d.ts","/home/ss/.cache/typescript/4.6/node_modules/enhanced-resolve/types.d.ts","/home/ss/.cache/typescript/4.6/node_modules/@types/glob/index.d.ts","/home/ss/.cache/typescript/4.6/node_modules/@types/js-yaml/index.d.ts","/home/ss/.cache/typescript/4.6/node_modules/@types/json-parse-better-errors/index.d.ts","/home/ss/.cache/typescript/4.6/node_modules/@types/memory-fs/index.d.ts","/home/ss/.cache/typescript/4.6/node_modules/@types/micromatch/index.d.ts","/home/ss/.cache/typescript/4.6/node_modules/@types/mkdirp/index.d.ts"]
[15:26:36.651] Sending response:
    {"projectName":"/dev/null/inferredProject1*","typeAcquisition":{"enable":true,"include":[],"exclude":[]},"compilerOptions":{"module":1,"target":3,"jsx":1,"allowJs":true,"allowSyntheticDefaultImports":true,"allowNonTsExtensions":true,"noEmitForJsFiles":true,"maxNodeModuleJsDepth":2},"typings":["/home/ss/.cache/typescript/4.6/node_modules/@types/case-sensitive-paths-webpack-plugin/index.d.ts","/home/ss/.cache/typescript/4.6/node_modules/tapable/tapable.d.ts","/home/ss/.cache/typescript/4.6/node_modules/webpack/types.d.ts","/home/ss/.cache/typescript/4.6/node_modules/@types/webpack-assets-manifest/index.d.ts","/home/ss/.cache/typescript/4.6/node_modules/@types/webpack-sources/index.d.ts","/home/ss/.cache/typescript/4.6/node_modules/enhanced-resolve/types.d.ts","/home/ss/.cache/typescript/4.6/node_modules/@types/glob/index.d.ts","/home/ss/.cache/typescript/4.6/node_modules/@types/js-yaml/index.d.ts","/home/ss/.cache/typescript/4.6/node_modules/@types/json-parse-better-errors/index.d.ts","/home/ss/.cache/typescript/4.6/node_modules/@types/memory-fs/index.d.ts","/home/ss/.cache/typescript/4.6/node_modules/@types/micromatch/index.d.ts","/home/ss/.cache/typescript/4.6/node_modules/@types/mkdirp/index.d.ts"],"unresolvedImports":["@rails/webpacker","case-sensitive-paths-webpack-plugin","enhanced-resolve","glob","js-yaml","json-parse-better-errors","memory-fs","micromatch","mini-css-extract-plugin","mkdirp","neo-async","path-complete-extname","pnp-webpack-plugin","schema-utils","tapable","terser-webpack-plugin","webpack","webpack-assets-manifest","webpack-sources"],"kind":"action::set"}
[15:26:36.651] Response has been sent.
[15:26:36.651] Sending response:
    {"kind":"event::endInstallTypes","eventId":1,"projectName":"/dev/null/inferredProject1*","packagesToInstall":["@types/case-sensitive-paths-webpack-plugin@ts4.6","@types/tapable@ts4.6","@types/webpack@ts4.6","@types/webpack-assets-manifest@ts4.6","@types/webpack-sources@ts4.6","@types/enhanced-resolve@ts4.6","@types/glob@ts4.6","@types/js-yaml@ts4.6","@types/json-parse-better-errors@ts4.6","@types/memory-fs@ts4.6","@types/micromatch@ts4.6","@types/mkdirp@ts4.6"],"installSuccess":true,"typingsInstallerVersion":"4.6.3"}
[15:26:36.651] Response has been sent.
[15:26:37.540] Got install request {"projectName":"/dev/null/inferredProject1*","fileNames":["/home/ss/.emacs.d/.local/etc/lsp/npm/typescript/lib/node_modules/typescript/lib/lib.es5.d.ts","/home/ss/.emacs.d/.local/etc/lsp/npm/typescript/lib/node_modules/typescript/lib/lib.es2015.d.ts","/home/ss/.emacs.d/.local/etc/lsp/npm/typescript/lib/node_modules/typescript/lib/lib.es2016.d.ts","/home/ss/.emacs.d/.local/etc/lsp/npm/typescript/lib/node_modules/typescript/lib/lib.dom.d.ts","/home/ss/.emacs.d/.local/etc/lsp/npm/typescript/lib/node_modules/typescript/lib/lib.dom.iterable.d.ts","/home/ss/.emacs.d/.local/etc/lsp/npm/typescript/lib/node_modules/typescript/lib/lib.webworker.importscripts.d.ts","/home/ss/.emacs.d/.local/etc/lsp/npm/typescript/lib/node_modules/typescript/lib/lib.scripthost.d.ts","/home/ss/.emacs.d/.local/etc/lsp/npm/typescript/lib/node_modules/typescript/lib/lib.es2015.core.d.ts","/home/ss/.emacs.d/.local/etc/lsp/npm/typescript/lib/node_modules/typescript/lib/lib.es2015.collection.d.ts","/home/ss/.emacs.d/.local/etc/lsp/npm/typescript/lib/node_modules/typescript/lib/lib.es2015.generator.d.ts","/home/ss/.emacs.d/.local/etc/lsp/npm/typescript/lib/node_modules/typescript/lib/lib.es2015.iterable.d.ts","/home/ss/.emacs.d/.local/etc/lsp/npm/typescript/lib/node_modules/typescript/lib/lib.es2015.promise.d.ts","/home/ss/.emacs.d/.local/etc/lsp/npm/typescript/lib/node_modules/typescript/lib/lib.es2015.proxy.d.ts","/home/ss/.emacs.d/.local/etc/lsp/npm/typescript/lib/node_modules/typescript/lib/lib.es2015.reflect.d.ts","/home/ss/.emacs.d/.local/etc/lsp/npm/typescript/lib/node_modules/typescript/lib/lib.es2015.symbol.d.ts","/home/ss/.emacs.d/.local/etc/lsp/npm/typescript/lib/node_modules/typescript/lib/lib.es2015.symbol.wellknown.d.ts","/home/ss/.emacs.d/.local/etc/lsp/npm/typescript/lib/node_modules/typescript/lib/lib.es2016.array.include.d.ts","/home/ss/.emacs.d/.local/etc/lsp/npm/typescript/lib/node_modules/typescript/lib/lib.es2016.full.d.ts","/home/ss/.cache/typescript/4.6/node_modules/@types/glob/index.d.ts","/home/ss/.cache/typescript/4.6/node_modules/tapable/tapable.d.ts","/home/ss/.cache/typescript/4.6/node_modules/webpack/types.d.ts","/home/ss/.cache/typescript/4.6/node_modules/@types/webpack-assets-manifest/index.d.ts","/home/ss/.cache/typescript/4.6/node_modules/@types/webpack-sources/index.d.ts","/home/ss/.cache/typescript/4.6/node_modules/@types/case-sensitive-paths-webpack-plugin/index.d.ts","/home/ss/.cache/typescript/4.6/node_modules/@types/js-yaml/index.d.ts","/home/ss/Projects/ruby-on-rails/environment/sample_app/config/webpack/environment.js","/home/ss/.cache/typescript/4.6/node_modules/@types/json-parse-better-errors/index.d.ts","/home/ss/.cache/typescript/4.6/node_modules/@types/memory-fs/index.d.ts","/home/ss/.cache/typescript/4.6/node_modules/@types/micromatch/index.d.ts","/home/ss/.cache/typescript/4.6/node_modules/@types/mkdirp/index.d.ts","/home/ss/.cache/typescript/4.6/node_modules/enhanced-resolve/types.d.ts"],"compilerOptions":{"module":1,"target":3,"jsx":1,"allowJs":true,"allowSyntheticDefaultImports":true,"allowNonTsExtensions":true,"noEmitForJsFiles":true,"maxNodeModuleJsDepth":2},"typeAcquisition":{"enable":true,"include":[],"exclude":[]},"unresolvedImports":["@rails/webpacker","mini-css-extract-plugin","path-complete-extname","pnp-webpack-plugin"],"projectRootPath":"/home/ss/Projects/ruby-on-rails/environment/sample_app/config/webpack","kind":"discover"}
[15:26:37.541] Explicitly included types: []
[15:26:37.541] Inferred typings from unresolved imports: ["@rails/webpacker","mini-css-extract-plugin","path-complete-extname","pnp-webpack-plugin"]
[15:26:37.541] Result: {"cachedTypingPaths":[],"newTypingNames":["@rails/webpacker","mini-css-extract-plugin","path-complete-extname","pnp-webpack-plugin"],"filesToWatch":["/home/ss/Projects/ruby-on-rails/environment/sample_app/config/webpack/bower_components","/home/ss/Projects/ruby-on-rails/environment/sample_app/config/webpack/node_modules"]}
[15:26:37.541] Finished typings discovery: {"cachedTypingPaths":[],"newTypingNames":["@rails/webpacker","mini-css-extract-plugin","path-complete-extname","pnp-webpack-plugin"],"filesToWatch":["/home/ss/Projects/ruby-on-rails/environment/sample_app/config/webpack/bower_components","/home/ss/Projects/ruby-on-rails/environment/sample_app/config/webpack/node_modules"]}
[15:26:37.541] Installing typings ["@rails/webpacker","mini-css-extract-plugin","path-complete-extname","pnp-webpack-plugin"]
[15:26:37.541] '@rails/webpacker':: Entry for package 'rails__webpacker' does not exist in local types registry - skipping...
[15:26:37.541] 'mini-css-extract-plugin':: Entry for package 'mini-css-extract-plugin' does not exist in local types registry - skipping...
[15:26:37.541] 'path-complete-extname':: Entry for package 'path-complete-extname' does not exist in local types registry - skipping...
[15:26:37.541] 'pnp-webpack-plugin':: Entry for package 'pnp-webpack-plugin' does not exist in local types registry - skipping...
[15:26:37.541] All typings are known to be missing or invalid - no need to install more typings
[15:26:37.542] Sending response:
    {"projectName":"/dev/null/inferredProject1*","typeAcquisition":{"enable":true,"include":[],"exclude":[]},"compilerOptions":{"module":1,"target":3,"jsx":1,"allowJs":true,"allowSyntheticDefaultImports":true,"allowNonTsExtensions":true,"noEmitForJsFiles":true,"maxNodeModuleJsDepth":2},"typings":[],"unresolvedImports":["@rails/webpacker","mini-css-extract-plugin","path-complete-extname","pnp-webpack-plugin"],"kind":"action::set"}
[15:26:37.542] Response has been sent.
[15:26:37.722] Got install request {"projectName":"/dev/null/inferredProject1*","fileNames":["/home/ss/.emacs.d/.local/etc/lsp/npm/typescript/lib/node_modules/typescript/lib/lib.es5.d.ts","/home/ss/.emacs.d/.local/etc/lsp/npm/typescript/lib/node_modules/typescript/lib/lib.es2015.d.ts","/home/ss/.emacs.d/.local/etc/lsp/npm/typescript/lib/node_modules/typescript/lib/lib.es2016.d.ts","/home/ss/.emacs.d/.local/etc/lsp/npm/typescript/lib/node_modules/typescript/lib/lib.dom.d.ts","/home/ss/.emacs.d/.local/etc/lsp/npm/typescript/lib/node_modules/typescript/lib/lib.dom.iterable.d.ts","/home/ss/.emacs.d/.local/etc/lsp/npm/typescript/lib/node_modules/typescript/lib/lib.webworker.importscripts.d.ts","/home/ss/.emacs.d/.local/etc/lsp/npm/typescript/lib/node_modules/typescript/lib/lib.scripthost.d.ts","/home/ss/.emacs.d/.local/etc/lsp/npm/typescript/lib/node_modules/typescript/lib/lib.es2015.core.d.ts","/home/ss/.emacs.d/.local/etc/lsp/npm/typescript/lib/node_modules/typescript/lib/lib.es2015.collection.d.ts","/home/ss/.emacs.d/.local/etc/lsp/npm/typescript/lib/node_modules/typescript/lib/lib.es2015.generator.d.ts","/home/ss/.emacs.d/.local/etc/lsp/npm/typescript/lib/node_modules/typescript/lib/lib.es2015.iterable.d.ts","/home/ss/.emacs.d/.local/etc/lsp/npm/typescript/lib/node_modules/typescript/lib/lib.es2015.promise.d.ts","/home/ss/.emacs.d/.local/etc/lsp/npm/typescript/lib/node_modules/typescript/lib/lib.es2015.proxy.d.ts","/home/ss/.emacs.d/.local/etc/lsp/npm/typescript/lib/node_modules/typescript/lib/lib.es2015.reflect.d.ts","/home/ss/.emacs.d/.local/etc/lsp/npm/typescript/lib/node_modules/typescript/lib/lib.es2015.symbol.d.ts","/home/ss/.emacs.d/.local/etc/lsp/npm/typescript/lib/node_modules/typescript/lib/lib.es2015.symbol.wellknown.d.ts","/home/ss/.emacs.d/.local/etc/lsp/npm/typescript/lib/node_modules/typescript/lib/lib.es2016.array.include.d.ts","/home/ss/.emacs.d/.local/etc/lsp/npm/typescript/lib/node_modules/typescript/lib/lib.es2016.full.d.ts","/home/ss/Projects/ruby-on-rails/environment/sample_app/config/webpack/environment.js"],"compilerOptions":{"module":1,"target":3,"jsx":1,"allowJs":true,"allowSyntheticDefaultImports":true,"allowNonTsExtensions":true,"noEmitForJsFiles":true,"maxNodeModuleJsDepth":2},"typeAcquisition":{"enable":true,"include":[],"exclude":[]},"unresolvedImports":["@rails/webpacker","mini-css-extract-plugin","path-complete-extname","pnp-webpack-plugin"],"projectRootPath":"/home/ss/Projects/ruby-on-rails/environment/sample_app/config/webpack","kind":"discover"}
[15:26:37.723] Explicitly included types: []
[15:26:37.723] Inferred typings from unresolved imports: ["@rails/webpacker","mini-css-extract-plugin","path-complete-extname","pnp-webpack-plugin"]
[15:26:37.723] Result: {"cachedTypingPaths":[],"newTypingNames":["@rails/webpacker","mini-css-extract-plugin","path-complete-extname","pnp-webpack-plugin"],"filesToWatch":["/home/ss/Projects/ruby-on-rails/environment/sample_app/config/webpack/bower_components","/home/ss/Projects/ruby-on-rails/environment/sample_app/config/webpack/node_modules"]}
[15:26:37.723] Finished typings discovery: {"cachedTypingPaths":[],"newTypingNames":["@rails/webpacker","mini-css-extract-plugin","path-complete-extname","pnp-webpack-plugin"],"filesToWatch":["/home/ss/Projects/ruby-on-rails/environment/sample_app/config/webpack/bower_components","/home/ss/Projects/ruby-on-rails/environment/sample_app/config/webpack/node_modules"]}
[15:26:37.723] Installing typings ["@rails/webpacker","mini-css-extract-plugin","path-complete-extname","pnp-webpack-plugin"]
[15:26:37.723] '@rails/webpacker':: Entry for package 'rails__webpacker' does not exist in local types registry - skipping...
[15:26:37.723] 'mini-css-extract-plugin':: Entry for package 'mini-css-extract-plugin' does not exist in local types registry - skipping...
[15:26:37.723] 'path-complete-extname':: Entry for package 'path-complete-extname' does not exist in local types registry - skipping...
[15:26:37.723] 'pnp-webpack-plugin':: Entry for package 'pnp-webpack-plugin' does not exist in local types registry - skipping...
[15:26:37.723] All typings are known to be missing or invalid - no need to install more typings
[15:26:37.723] Sending response:
    {"projectName":"/dev/null/inferredProject1*","typeAcquisition":{"enable":true,"include":[],"exclude":[]},"compilerOptions":{"module":1,"target":3,"jsx":1,"allowJs":true,"allowSyntheticDefaultImports":true,"allowNonTsExtensions":true,"noEmitForJsFiles":true,"maxNodeModuleJsDepth":2},"typings":[],"unresolvedImports":["@rails/webpacker","mini-css-extract-plugin","path-complete-extname","pnp-webpack-plugin"],"kind":"action::set"}
[15:26:37.723] Response has been sent.
